<?xml version="1.0" encoding="UTF-8"?>
<coverage generated="1665621266730" clover="3.2.0">
  <project timestamp="1665621266730" name="All files">
    <metrics statements="39" coveredstatements="29" conditionals="20" coveredconditionals="10" methods="7" coveredmethods="4" elements="66" coveredelements="43" complexity="0" loc="39" ncloc="39" packages="1" files="1" classes="1"/>
    <file name="utils.js" path="D:\Projects\react native\cyclepay\constants\utils.js">
      <metrics statements="39" coveredstatements="29" conditionals="20" coveredconditionals="10" methods="7" coveredmethods="4"/>
      <line num="1" count="1" type="stmt"/>
      <line num="2" count="0" type="stmt"/>
      <line num="3" count="0" type="stmt"/>
      <line num="6" count="1" type="stmt"/>
      <line num="7" count="7" type="stmt"/>
      <line num="8" count="7" type="stmt"/>
      <line num="11" count="1" type="stmt"/>
      <line num="12" count="0" type="stmt"/>
      <line num="16" count="12" type="stmt"/>
      <line num="17" count="12" type="cond" truecount="2" falsecount="0"/>
      <line num="18" count="4" type="stmt"/>
      <line num="20" count="12" type="stmt"/>
      <line num="23" count="1" type="stmt"/>
      <line num="25" count="5" type="cond" truecount="3" falsecount="1"/>
      <line num="26" count="5" type="stmt"/>
      <line num="27" count="5" type="cond" truecount="1" falsecount="1"/>
      <line num="28" count="5" type="stmt"/>
      <line num="31" count="5" type="stmt"/>
      <line num="32" count="5" type="stmt"/>
      <line num="33" count="5" type="stmt"/>
      <line num="37" count="1" type="stmt"/>
      <line num="39" count="7" type="cond" truecount="3" falsecount="1"/>
      <line num="40" count="7" type="stmt"/>
      <line num="41" count="7" type="cond" truecount="1" falsecount="1"/>
      <line num="42" count="7" type="stmt"/>
      <line num="45" count="7" type="stmt"/>
      <line num="46" count="7" type="stmt"/>
      <line num="49" count="7" type="stmt"/>
      <line num="50" count="7" type="stmt"/>
      <line num="54" count="7" type="stmt"/>
      <line num="56" count="7" type="stmt"/>
      <line num="60" count="1" type="stmt"/>
      <line num="61" count="0" type="cond" truecount="0" falsecount="4"/>
      <line num="62" count="0" type="stmt"/>
      <line num="63" count="0" type="stmt"/>
      <line num="64" count="0" type="stmt"/>
      <line num="65" count="0" type="stmt"/>
      <line num="66" count="0" type="stmt"/>
      <line num="67" count="0" type="cond" truecount="0" falsecount="2"/>
    </file>
  </project>
</coverage>
