<?xml version="1.0" encoding="UTF-8"?>
<coverage generated="1665617727256" clover="3.2.0">
  <project timestamp="1665617727256" name="All files">
    <metrics statements="41" coveredstatements="29" conditionals="20" coveredconditionals="10" methods="9" coveredmethods="5" elements="70" coveredelements="44" complexity="0" loc="41" ncloc="41" packages="1" files="1" classes="1"/>
    <file name="utils.js" path="D:\Projects\react native\submanager\constants\utils.js">
      <metrics statements="41" coveredstatements="29" conditionals="20" coveredconditionals="10" methods="9" coveredmethods="5"/>
      <line num="1" count="1" type="stmt"/>
      <line num="2" count="0" type="stmt"/>
      <line num="3" count="0" type="stmt"/>
      <line num="6" count="1" type="stmt"/>
      <line num="7" count="0" type="stmt"/>
      <line num="8" count="0" type="stmt"/>
      <line num="11" count="1" type="stmt"/>
      <line num="12" count="0" type="stmt"/>
      <line num="15" count="1" type="stmt"/>
      <line num="16" count="14" type="stmt"/>
      <line num="20" count="12" type="stmt"/>
      <line num="21" count="12" type="cond" truecount="2" falsecount="0"/>
      <line num="22" count="4" type="stmt"/>
      <line num="24" count="12" type="stmt"/>
      <line num="27" count="1" type="stmt"/>
      <line num="29" count="7" type="stmt"/>
      <line num="36" count="1" type="stmt"/>
      <line num="38" count="5" type="cond" truecount="3" falsecount="1"/>
      <line num="39" count="5" type="cond" truecount="1" falsecount="1"/>
      <line num="40" count="5" type="stmt"/>
      <line num="43" count="5" type="stmt"/>
      <line num="44" count="5" type="stmt"/>
      <line num="45" count="5" type="stmt"/>
      <line num="49" count="1" type="stmt"/>
      <line num="51" count="7" type="cond" truecount="3" falsecount="1"/>
      <line num="52" count="7" type="cond" truecount="1" falsecount="1"/>
      <line num="53" count="7" type="stmt"/>
      <line num="56" count="7" type="stmt"/>
      <line num="57" count="7" type="stmt"/>
      <line num="60" count="7" type="stmt"/>
      <line num="61" count="7" type="stmt"/>
      <line num="63" count="7" type="stmt"/>
      <line num="64" count="7" type="stmt"/>
      <line num="68" count="1" type="stmt"/>
      <line num="69" count="0" type="cond" truecount="0" falsecount="4"/>
      <line num="70" count="0" type="stmt"/>
      <line num="71" count="0" type="stmt"/>
      <line num="72" count="0" type="stmt"/>
      <line num="73" count="0" type="stmt"/>
      <line num="74" count="0" type="stmt"/>
      <line num="75" count="0" type="cond" truecount="0" falsecount="2"/>
    </file>
  </project>
</coverage>
