{"D:\\Projects\\react native\\submanager\\constants\\utils.js": {"path":"D:\\Projects\\react native\\submanager\\constants\\utils.js","statementMap":{"0":{"start":{"line":1,"column":22},"end":{"line":4,"column":1}},"1":{"start":{"line":2,"column":20},"end":{"line":2,"column":113}},"2":{"start":{"line":3,"column":4},"end":{"line":3,"column":19}},"3":{"start":{"line":6,"column":19},"end":{"line":9,"column":1}},"4":{"start":{"line":7,"column":20},"end":{"line":7,"column":92}},"5":{"start":{"line":8,"column":4},"end":{"line":8,"column":19}},"6":{"start":{"line":11,"column":24},"end":{"line":13,"column":1}},"7":{"start":{"line":12,"column":4},"end":{"line":12,"column":67}},"8":{"start":{"line":15,"column":21},"end":{"line":17,"column":1}},"9":{"start":{"line":16,"column":4},"end":{"line":16,"column":43}},"10":{"start":{"line":20,"column":17},"end":{"line":20,"column":97}},"11":{"start":{"line":21,"column":4},"end":{"line":23,"column":5}},"12":{"start":{"line":22,"column":8},"end":{"line":22,"column":17}},"13":{"start":{"line":24,"column":4},"end":{"line":24,"column":18}},"14":{"start":{"line":27,"column":19},"end":{"line":34,"column":1}},"15":{"start":{"line":29,"column":4},"end":{"line":33,"column":16}},"16":{"start":{"line":36,"column":28},"end":{"line":47,"column":1}},"17":{"start":{"line":38,"column":4},"end":{"line":46,"column":5}},"18":{"start":{"line":39,"column":22},"end":{"line":39,"column":54}},"19":{"start":{"line":40,"column":26},"end":{"line":40,"column":45}},"20":{"start":{"line":43,"column":23},"end":{"line":43,"column":50}},"21":{"start":{"line":44,"column":23},"end":{"line":44,"column":49}},"22":{"start":{"line":45,"column":8},"end":{"line":45,"column":26}},"23":{"start":{"line":49,"column":20},"end":{"line":66,"column":1}},"24":{"start":{"line":51,"column":4},"end":{"line":65,"column":5}},"25":{"start":{"line":52,"column":22},"end":{"line":52,"column":54}},"26":{"start":{"line":53,"column":26},"end":{"line":53,"column":45}},"27":{"start":{"line":56,"column":23},"end":{"line":56,"column":50}},"28":{"start":{"line":57,"column":23},"end":{"line":57,"column":49}},"29":{"start":{"line":60,"column":24},"end":{"line":60,"column":43}},"30":{"start":{"line":61,"column":8},"end":{"line":61,"column":70}},"31":{"start":{"line":63,"column":8},"end":{"line":63,"column":47}},"32":{"start":{"line":64,"column":8},"end":{"line":64,"column":35}},"33":{"start":{"line":68,"column":23},"end":{"line":77,"column":1}},"34":{"start":{"line":69,"column":4},"end":{"line":76,"column":5}},"35":{"start":{"line":70,"column":22},"end":{"line":70,"column":32}},"36":{"start":{"line":71,"column":26},"end":{"line":71,"column":45}},"37":{"start":{"line":72,"column":23},"end":{"line":72,"column":50}},"38":{"start":{"line":73,"column":23},"end":{"line":73,"column":49}},"39":{"start":{"line":74,"column":26},"end":{"line":74,"column":46}},"40":{"start":{"line":75,"column":8},"end":{"line":75,"column":41}}},"fnMap":{"0":{"name":"(anonymous_0)","decl":{"start":{"line":1,"column":22},"end":{"line":1,"column":23}},"loc":{"start":{"line":1,"column":32},"end":{"line":4,"column":1}},"line":1},"1":{"name":"(anonymous_1)","decl":{"start":{"line":6,"column":19},"end":{"line":6,"column":20}},"loc":{"start":{"line":6,"column":29},"end":{"line":9,"column":1}},"line":6},"2":{"name":"(anonymous_2)","decl":{"start":{"line":11,"column":24},"end":{"line":11,"column":25}},"loc":{"start":{"line":11,"column":36},"end":{"line":13,"column":1}},"line":11},"3":{"name":"(anonymous_3)","decl":{"start":{"line":15,"column":21},"end":{"line":15,"column":22}},"loc":{"start":{"line":15,"column":30},"end":{"line":17,"column":1}},"line":15},"4":{"name":"monthDiff","decl":{"start":{"line":19,"column":9},"end":{"line":19,"column":18}},"loc":{"start":{"line":19,"column":29},"end":{"line":25,"column":1}},"line":19},"5":{"name":"(anonymous_5)","decl":{"start":{"line":27,"column":19},"end":{"line":27,"column":20}},"loc":{"start":{"line":27,"column":29},"end":{"line":34,"column":1}},"line":27},"6":{"name":"(anonymous_6)","decl":{"start":{"line":36,"column":28},"end":{"line":36,"column":29}},"loc":{"start":{"line":36,"column":60},"end":{"line":47,"column":1}},"line":36},"7":{"name":"(anonymous_7)","decl":{"start":{"line":49,"column":20},"end":{"line":49,"column":21}},"loc":{"start":{"line":49,"column":52},"end":{"line":66,"column":1}},"line":49},"8":{"name":"(anonymous_8)","decl":{"start":{"line":68,"column":23},"end":{"line":68,"column":24}},"loc":{"start":{"line":68,"column":52},"end":{"line":77,"column":1}},"line":68}},"branchMap":{"0":{"loc":{"start":{"line":21,"column":4},"end":{"line":23,"column":5}},"type":"if","locations":[{"start":{"line":21,"column":4},"end":{"line":23,"column":5}},{"start":{},"end":{}}],"line":21},"1":{"loc":{"start":{"line":38,"column":4},"end":{"line":46,"column":5}},"type":"if","locations":[{"start":{"line":38,"column":4},"end":{"line":46,"column":5}},{"start":{},"end":{}}],"line":38},"2":{"loc":{"start":{"line":38,"column":7},"end":{"line":38,"column":25}},"type":"binary-expr","locations":[{"start":{"line":38,"column":7},"end":{"line":38,"column":12}},{"start":{"line":38,"column":16},"end":{"line":38,"column":25}}],"line":38},"3":{"loc":{"start":{"line":39,"column":22},"end":{"line":39,"column":54}},"type":"binary-expr","locations":[{"start":{"line":39,"column":22},"end":{"line":39,"column":40}},{"start":{"line":39,"column":44},"end":{"line":39,"column":54}}],"line":39},"4":{"loc":{"start":{"line":51,"column":4},"end":{"line":65,"column":5}},"type":"if","locations":[{"start":{"line":51,"column":4},"end":{"line":65,"column":5}},{"start":{},"end":{}}],"line":51},"5":{"loc":{"start":{"line":51,"column":7},"end":{"line":51,"column":25}},"type":"binary-expr","locations":[{"start":{"line":51,"column":7},"end":{"line":51,"column":12}},{"start":{"line":51,"column":16},"end":{"line":51,"column":25}}],"line":51},"6":{"loc":{"start":{"line":52,"column":22},"end":{"line":52,"column":54}},"type":"binary-expr","locations":[{"start":{"line":52,"column":22},"end":{"line":52,"column":40}},{"start":{"line":52,"column":44},"end":{"line":52,"column":54}}],"line":52},"7":{"loc":{"start":{"line":69,"column":4},"end":{"line":76,"column":5}},"type":"if","locations":[{"start":{"line":69,"column":4},"end":{"line":76,"column":5}},{"start":{},"end":{}}],"line":69},"8":{"loc":{"start":{"line":69,"column":7},"end":{"line":69,"column":25}},"type":"binary-expr","locations":[{"start":{"line":69,"column":7},"end":{"line":69,"column":12}},{"start":{"line":69,"column":16},"end":{"line":69,"column":25}}],"line":69},"9":{"loc":{"start":{"line":75,"column":15},"end":{"line":75,"column":40}},"type":"binary-expr","locations":[{"start":{"line":75,"column":15},"end":{"line":75,"column":35}},{"start":{"line":75,"column":39},"end":{"line":75,"column":40}}],"line":75}},"s":{"0":1,"1":0,"2":0,"3":1,"4":0,"5":0,"6":1,"7":0,"8":1,"9":14,"10":12,"11":12,"12":4,"13":12,"14":1,"15":7,"16":1,"17":5,"18":5,"19":5,"20":5,"21":5,"22":5,"23":1,"24":7,"25":7,"26":7,"27":7,"28":7,"29":7,"30":7,"31":7,"32":7,"33":1,"34":0,"35":0,"36":0,"37":0,"38":0,"39":0,"40":0},"f":{"0":0,"1":0,"2":0,"3":14,"4":12,"5":7,"6":5,"7":7,"8":0},"b":{"0":[4,8],"1":[5,0],"2":[5,5],"3":[5,0],"4":[7,0],"5":[7,7],"6":[7,0],"7":[0,0],"8":[0,0],"9":[0,0]},"_coverageSchema":"1a1c01bbd47fc00a2c39e90264f33305004495a9","hash":"0a56773bcb0b119f9aecff42f7e6947fbf4c68bf"}
}
