{"D:\\Projects\\react native\\cyclepay\\constants\\utils.js": {"path":"D:\\Projects\\react native\\cyclepay\\constants\\utils.js","statementMap":{"0":{"start":{"line":1,"column":22},"end":{"line":4,"column":1}},"1":{"start":{"line":2,"column":20},"end":{"line":2,"column":113}},"2":{"start":{"line":3,"column":4},"end":{"line":3,"column":19}},"3":{"start":{"line":6,"column":19},"end":{"line":9,"column":1}},"4":{"start":{"line":7,"column":16},"end":{"line":7,"column":34}},"5":{"start":{"line":8,"column":4},"end":{"line":8,"column":46}},"6":{"start":{"line":11,"column":24},"end":{"line":13,"column":1}},"7":{"start":{"line":12,"column":4},"end":{"line":12,"column":67}},"8":{"start":{"line":16,"column":17},"end":{"line":16,"column":97}},"9":{"start":{"line":17,"column":4},"end":{"line":19,"column":5}},"10":{"start":{"line":18,"column":8},"end":{"line":18,"column":17}},"11":{"start":{"line":20,"column":4},"end":{"line":20,"column":18}},"12":{"start":{"line":23,"column":28},"end":{"line":35,"column":1}},"13":{"start":{"line":25,"column":4},"end":{"line":34,"column":5}},"14":{"start":{"line":26,"column":21},"end":{"line":26,"column":31}},"15":{"start":{"line":27,"column":22},"end":{"line":27,"column":115}},"16":{"start":{"line":28,"column":26},"end":{"line":28,"column":45}},"17":{"start":{"line":31,"column":23},"end":{"line":31,"column":50}},"18":{"start":{"line":32,"column":23},"end":{"line":32,"column":49}},"19":{"start":{"line":33,"column":8},"end":{"line":33,"column":26}},"20":{"start":{"line":37,"column":20},"end":{"line":58,"column":1}},"21":{"start":{"line":39,"column":4},"end":{"line":57,"column":5}},"22":{"start":{"line":40,"column":21},"end":{"line":40,"column":31}},"23":{"start":{"line":41,"column":22},"end":{"line":41,"column":115}},"24":{"start":{"line":42,"column":26},"end":{"line":42,"column":45}},"25":{"start":{"line":45,"column":23},"end":{"line":45,"column":50}},"26":{"start":{"line":46,"column":23},"end":{"line":46,"column":49}},"27":{"start":{"line":49,"column":24},"end":{"line":49,"column":43}},"28":{"start":{"line":50,"column":8},"end":{"line":50,"column":70}},"29":{"start":{"line":54,"column":8},"end":{"line":54,"column":45}},"30":{"start":{"line":56,"column":8},"end":{"line":56,"column":35}},"31":{"start":{"line":60,"column":23},"end":{"line":69,"column":1}},"32":{"start":{"line":61,"column":4},"end":{"line":68,"column":5}},"33":{"start":{"line":62,"column":22},"end":{"line":62,"column":32}},"34":{"start":{"line":63,"column":26},"end":{"line":63,"column":45}},"35":{"start":{"line":64,"column":23},"end":{"line":64,"column":50}},"36":{"start":{"line":65,"column":23},"end":{"line":65,"column":49}},"37":{"start":{"line":66,"column":26},"end":{"line":66,"column":46}},"38":{"start":{"line":67,"column":8},"end":{"line":67,"column":41}}},"fnMap":{"0":{"name":"(anonymous_0)","decl":{"start":{"line":1,"column":22},"end":{"line":1,"column":23}},"loc":{"start":{"line":1,"column":32},"end":{"line":4,"column":1}},"line":1},"1":{"name":"(anonymous_1)","decl":{"start":{"line":6,"column":19},"end":{"line":6,"column":20}},"loc":{"start":{"line":6,"column":29},"end":{"line":9,"column":1}},"line":6},"2":{"name":"(anonymous_2)","decl":{"start":{"line":11,"column":24},"end":{"line":11,"column":25}},"loc":{"start":{"line":11,"column":36},"end":{"line":13,"column":1}},"line":11},"3":{"name":"monthDiff","decl":{"start":{"line":15,"column":9},"end":{"line":15,"column":18}},"loc":{"start":{"line":15,"column":29},"end":{"line":21,"column":1}},"line":15},"4":{"name":"(anonymous_4)","decl":{"start":{"line":23,"column":28},"end":{"line":23,"column":29}},"loc":{"start":{"line":23,"column":60},"end":{"line":35,"column":1}},"line":23},"5":{"name":"(anonymous_5)","decl":{"start":{"line":37,"column":20},"end":{"line":37,"column":21}},"loc":{"start":{"line":37,"column":52},"end":{"line":58,"column":1}},"line":37},"6":{"name":"(anonymous_6)","decl":{"start":{"line":60,"column":23},"end":{"line":60,"column":24}},"loc":{"start":{"line":60,"column":52},"end":{"line":69,"column":1}},"line":60}},"branchMap":{"0":{"loc":{"start":{"line":17,"column":4},"end":{"line":19,"column":5}},"type":"if","locations":[{"start":{"line":17,"column":4},"end":{"line":19,"column":5}},{"start":{},"end":{}}],"line":17},"1":{"loc":{"start":{"line":25,"column":4},"end":{"line":34,"column":5}},"type":"if","locations":[{"start":{"line":25,"column":4},"end":{"line":34,"column":5}},{"start":{},"end":{}}],"line":25},"2":{"loc":{"start":{"line":25,"column":7},"end":{"line":25,"column":25}},"type":"binary-expr","locations":[{"start":{"line":25,"column":7},"end":{"line":25,"column":12}},{"start":{"line":25,"column":16},"end":{"line":25,"column":25}}],"line":25},"3":{"loc":{"start":{"line":27,"column":22},"end":{"line":27,"column":115}},"type":"cond-expr","locations":[{"start":{"line":27,"column":33},"end":{"line":27,"column":51}},{"start":{"line":27,"column":54},"end":{"line":27,"column":115}}],"line":27},"4":{"loc":{"start":{"line":39,"column":4},"end":{"line":57,"column":5}},"type":"if","locations":[{"start":{"line":39,"column":4},"end":{"line":57,"column":5}},{"start":{},"end":{}}],"line":39},"5":{"loc":{"start":{"line":39,"column":7},"end":{"line":39,"column":25}},"type":"binary-expr","locations":[{"start":{"line":39,"column":7},"end":{"line":39,"column":12}},{"start":{"line":39,"column":16},"end":{"line":39,"column":25}}],"line":39},"6":{"loc":{"start":{"line":41,"column":22},"end":{"line":41,"column":115}},"type":"cond-expr","locations":[{"start":{"line":41,"column":33},"end":{"line":41,"column":51}},{"start":{"line":41,"column":54},"end":{"line":41,"column":115}}],"line":41},"7":{"loc":{"start":{"line":61,"column":4},"end":{"line":68,"column":5}},"type":"if","locations":[{"start":{"line":61,"column":4},"end":{"line":68,"column":5}},{"start":{},"end":{}}],"line":61},"8":{"loc":{"start":{"line":61,"column":7},"end":{"line":61,"column":25}},"type":"binary-expr","locations":[{"start":{"line":61,"column":7},"end":{"line":61,"column":12}},{"start":{"line":61,"column":16},"end":{"line":61,"column":25}}],"line":61},"9":{"loc":{"start":{"line":67,"column":15},"end":{"line":67,"column":40}},"type":"binary-expr","locations":[{"start":{"line":67,"column":15},"end":{"line":67,"column":35}},{"start":{"line":67,"column":39},"end":{"line":67,"column":40}}],"line":67}},"s":{"0":1,"1":0,"2":0,"3":1,"4":7,"5":7,"6":1,"7":0,"8":12,"9":12,"10":4,"11":12,"12":1,"13":5,"14":5,"15":5,"16":5,"17":5,"18":5,"19":5,"20":1,"21":7,"22":7,"23":7,"24":7,"25":7,"26":7,"27":7,"28":7,"29":7,"30":7,"31":1,"32":0,"33":0,"34":0,"35":0,"36":0,"37":0,"38":0},"f":{"0":0,"1":7,"2":0,"3":12,"4":5,"5":7,"6":0},"b":{"0":[4,8],"1":[5,0],"2":[5,5],"3":[5,0],"4":[7,0],"5":[7,7],"6":[7,0],"7":[0,0],"8":[0,0],"9":[0,0]},"_coverageSchema":"1a1c01bbd47fc00a2c39e90264f33305004495a9","hash":"aa27febe4339c3e86644ea2bda9eef69c91f2233"}
}
