TN:
SF:constants\utils.js
FN:1,(anonymous_0)
FN:6,(anonymous_1)
FN:11,(anonymous_2)
FN:15,monthDiff
FN:23,(anonymous_4)
FN:37,(anonymous_5)
FN:60,(anonymous_6)
FNF:7
FNH:4
FNDA:0,(anonymous_0)
FNDA:7,(anonymous_1)
FNDA:0,(anonymous_2)
FNDA:12,monthDiff
FNDA:5,(anonymous_4)
FNDA:7,(anonymous_5)
FNDA:0,(anonymous_6)
DA:1,1
DA:2,0
DA:3,0
DA:6,1
DA:7,7
DA:8,7
DA:11,1
DA:12,0
DA:16,12
DA:17,12
DA:18,4
DA:20,12
DA:23,1
DA:25,5
DA:26,5
DA:27,5
DA:28,5
DA:31,5
DA:32,5
DA:33,5
DA:37,1
DA:39,7
DA:40,7
DA:41,7
DA:42,7
DA:45,7
DA:46,7
DA:49,7
DA:50,7
DA:54,7
DA:56,7
DA:60,1
DA:61,0
DA:62,0
DA:63,0
DA:64,0
DA:65,0
DA:66,0
DA:67,0
LF:39
LH:29
BRDA:17,0,0,4
BRDA:17,0,1,8
BRDA:25,1,0,5
BRDA:25,1,1,0
BRDA:25,2,0,5
BRDA:25,2,1,5
BRDA:27,3,0,5
BRDA:27,3,1,0
BRDA:39,4,0,7
BRDA:39,4,1,0
BRDA:39,5,0,7
BRDA:39,5,1,7
BRDA:41,6,0,7
BRDA:41,6,1,0
BRDA:61,7,0,0
BRDA:61,7,1,0
BRDA:61,8,0,0
BRDA:61,8,1,0
BRDA:67,9,0,0
BRDA:67,9,1,0
BRF:20
BRH:10
end_of_record
