TN:
SF:constants\utils.js
FN:1,(anonymous_0)
FN:6,(anonymous_1)
FN:11,(anonymous_2)
FN:15,(anonymous_3)
FN:19,monthDiff
FN:27,(anonymous_5)
FN:36,(anonymous_6)
FN:49,(anonymous_7)
FN:68,(anonymous_8)
FNF:9
FNH:5
FNDA:0,(anonymous_0)
FNDA:0,(anonymous_1)
FNDA:0,(anonymous_2)
FNDA:14,(anonymous_3)
FNDA:12,monthDiff
FNDA:7,(anonymous_5)
FNDA:5,(anonymous_6)
FNDA:7,(anonymous_7)
FNDA:0,(anonymous_8)
DA:1,1
DA:2,0
DA:3,0
DA:6,1
DA:7,0
DA:8,0
DA:11,1
DA:12,0
DA:15,1
DA:16,14
DA:20,12
DA:21,12
DA:22,4
DA:24,12
DA:27,1
DA:29,7
DA:36,1
DA:38,5
DA:39,5
DA:40,5
DA:43,5
DA:44,5
DA:45,5
DA:49,1
DA:51,7
DA:52,7
DA:53,7
DA:56,7
DA:57,7
DA:60,7
DA:61,7
DA:63,7
DA:64,7
DA:68,1
DA:69,0
DA:70,0
DA:71,0
DA:72,0
DA:73,0
DA:74,0
DA:75,0
LF:41
LH:29
BRDA:21,0,0,4
BRDA:21,0,1,8
BRDA:38,1,0,5
BRDA:38,1,1,0
BRDA:38,2,0,5
BRDA:38,2,1,5
BRDA:39,3,0,5
BRDA:39,3,1,0
BRDA:51,4,0,7
BRDA:51,4,1,0
BRDA:51,5,0,7
BRDA:51,5,1,7
BRDA:52,6,0,7
BRDA:52,6,1,0
BRDA:69,7,0,0
BRDA:69,7,1,0
BRDA:69,8,0,0
BRDA:69,8,1,0
BRDA:75,9,0,0
BRDA:75,9,1,0
BRF:20
BRH:10
end_of_record
